<?xml version="1.0" encoding="UTF-8"?>
<testsuite name="com.apple.team_prometheus.TeamPrometheusApplicationTests" tests="1" skipped="0" failures="0" errors="0" timestamp="2025-05-28T05:23:36.782Z" hostname="yujinseung-ui-MacBookPro.local" time="0.386">
  <properties/>
  <testcase name="contextLoads()" classname="com.apple.team_prometheus.TeamPrometheusApplicationTests" time="0.386"/>
  <system-out><![CDATA[14:23:36.363 [Test worker] INFO org.springframework.test.context.support.AnnotationConfigContextLoaderUtils -- Could not detect default configuration classes for test class [com.apple.team_prometheus.TeamPrometheusApplicationTests]: TeamPrometheusApplicationTests does not declare any static, non-private, non-final, nested classes annotated with @Configuration.
14:23:36.420 [Test worker] INFO org.springframework.boot.test.context.SpringBootTestContextBootstrapper -- Found @SpringBootConfiguration com.apple.team_prometheus.TeamPrometheusApplication for test class com.apple.team_prometheus.TeamPrometheusApplicationTests

  .   ____          _            __ _ _
 /\\ / ___'_ __ _ _(_)_ __  __ _ \ \ \ \
( ( )\___ | '_ | '_| | '_ \/ _` | \ \ \ \
 \\/  ___)| |_)| | | | | || (_| |  ) ) ) )
  '  |____| .__|_| |_|_| |_\__, | / / / /
 =========|_|==============|___/=/_/_/_/

 :: Spring Boot ::                (v3.4.3)

2025-05-28T14:23:36.592+09:00  INFO 70212 --- [team_prometheus] [    Test worker] c.a.t.TeamPrometheusApplicationTests     : Starting TeamPrometheusApplicationTests using Java 21.0.6 with PID 70212 (started by yujinseung in /Users/yujinseung/Develop/GDM-Backend)
2025-05-28T14:23:36.593+09:00  INFO 70212 --- [team_prometheus] [    Test worker] c.a.t.TeamPrometheusApplicationTests     : No active profile set, falling back to 1 default profile: "default"
2025-05-28T14:23:36.780+09:00  INFO 70212 --- [team_prometheus] [    Test worker] c.a.t.TeamPrometheusApplicationTests     : Started TeamPrometheusApplicationTests in 0.291 seconds (process running for 0.967)
]]></system-out>
  <system-err><![CDATA[Mockito is currently self-attaching to enable the inline-mock-maker. This will no longer work in future releases of the JDK. Please add Mockito as an agent to your build what is described in Mockito's documentation: https://javadoc.io/doc/org.mockito/mockito-core/latest/org/mockito/Mockito.html#0.3
WARNING: A Java agent has been loaded dynamically (/Users/yujinseung/.gradle/caches/modules-2/files-2.1/net.bytebuddy/byte-buddy-agent/1.15.11/a38b16385e867f59a641330f0362ebe742788ed8/byte-buddy-agent-1.15.11.jar)
WARNING: If a serviceability tool is in use, please run with -XX:+EnableDynamicAgentLoading to hide this warning
WARNING: If a serviceability tool is not in use, please run with -Djdk.instrument.traceUsage for more information
WARNING: Dynamic loading of agents will be disallowed by default in a future release
]]></system-err>
</testsuite>
